This is pdfTeXk, Version 3.1415926-1.40.9 (Web2C 7.5.7) (format=latex 2010.4.27)  5 MAY 2010 13:53
entering extended mode
 %&-line parsing enabled.
**report.tex
(./report.tex
LaTeX2e <2005/12/01>
Babel <v3.8l> and hyphenation patterns for english, usenglishmax, dumylang, noh
yphenation, german-x-2008-06-18, ngerman-x-2008-06-18, ancientgreek, ibycus, ar
abic, basque, bulgarian, catalan, pinyin, coptic, croatian, czech, danish, dutc
h, esperanto, estonian, farsi, finnish, french, galician, german, ngerman, mono
greek, greek, hungarian, icelandic, indonesian, interlingua, irish, italian, la
tin, mongolian, mongolian2a, bokmal, nynorsk, polish, portuguese, romanian, rus
sian, sanskrit, serbian, slovak, slovenian, spanish, swedish, turkish, ukenglis
h, ukrainian, uppersorbian, welsh, loaded.
(/usr/share/texmf/tex/latex/base/article.cls
Document Class: article 2005/09/16 v1.4f Standard LaTeX document class
(/usr/share/texmf/tex/latex/base/size12.clo
File: size12.clo 2005/09/16 v1.4f Standard LaTeX file (size option)
)
\c@part=\count79
\c@section=\count80
\c@subsection=\count81
\c@subsubsection=\count82
\c@paragraph=\count83
\c@subparagraph=\count84
\c@figure=\count85
\c@table=\count86
\abovecaptionskip=\skip41
\belowcaptionskip=\skip42
\bibindent=\dimen102
)
(/usr/share/texmf/tex/latex/graphics/epsfig.sty
Package: epsfig 1999/02/16 v1.7a (e)psfig emulation (SPQR)

(/usr/share/texmf/tex/latex/graphics/graphicx.sty
Package: graphicx 1999/02/16 v1.0f Enhanced LaTeX Graphics (DPC,SPQR)

(/usr/share/texmf/tex/latex/graphics/keyval.sty
Package: keyval 1999/03/16 v1.13 key=value parser (DPC)
\KV@toks@=\toks14
)
(/usr/share/texmf/tex/latex/graphics/graphics.sty
Package: graphics 2006/02/20 v1.0o Standard LaTeX Graphics (DPC,SPQR)

(/usr/share/texmf/tex/latex/graphics/trig.sty
Package: trig 1999/03/16 v1.09 sin cos tan (DPC)
)
(/usr/lib/texmf/tex/latex/config/graphics.cfg
File: graphics.cfg 2007/01/18 v1.5 graphics configuration of teTeX/TeXLive
)
Package graphics Info: Driver file: dvips.def on input line 90.

(/usr/share/texmf/tex/latex/graphics/dvips.def
File: dvips.def 1999/02/16 v3.0i Driver-dependant file (DPC,SPQR)
))
\Gin@req@height=\dimen103
\Gin@req@width=\dimen104
)
\epsfxsize=\dimen105
\epsfysize=\dimen106
)
(/usr/share/texmf/tex/latex/amsfonts/amssymb.sty
Package: amssymb 2002/01/22 v2.2d

(/usr/share/texmf/tex/latex/amsfonts/amsfonts.sty
Package: amsfonts 2001/10/25 v2.2f
\@emptytoks=\toks15
\symAMSa=\mathgroup4
\symAMSb=\mathgroup5
LaTeX Font Info:    Overwriting math alphabet `\mathfrak' in version `bold'
(Font)                  U/euf/m/n --> U/euf/b/n on input line 132.
))
(/usr/share/texmf/tex/latex/amsmath/amsmath.sty
Package: amsmath 2000/07/18 v2.13 AMS math features
\@mathmargin=\skip43

For additional information on amsmath, use the `?' option.
(/usr/share/texmf/tex/latex/amsmath/amstext.sty
Package: amstext 2000/06/29 v2.01

(/usr/share/texmf/tex/latex/amsmath/amsgen.sty
File: amsgen.sty 1999/11/30 v2.0
\@emptytoks=\toks16
\ex@=\dimen107
))
(/usr/share/texmf/tex/latex/amsmath/amsbsy.sty
Package: amsbsy 1999/11/29 v1.2d
\pmbraise@=\dimen108
)
(/usr/share/texmf/tex/latex/amsmath/amsopn.sty
Package: amsopn 1999/12/14 v2.01 operator names
)
\inf@bad=\count87
LaTeX Info: Redefining \frac on input line 211.
\uproot@=\count88
\leftroot@=\count89
LaTeX Info: Redefining \overline on input line 307.
\classnum@=\count90
\DOTSCASE@=\count91
LaTeX Info: Redefining \ldots on input line 379.
LaTeX Info: Redefining \dots on input line 382.
LaTeX Info: Redefining \cdots on input line 467.
\Mathstrutbox@=\box26
\strutbox@=\box27
\big@size=\dimen109
LaTeX Font Info:    Redeclaring font encoding OML on input line 567.
LaTeX Font Info:    Redeclaring font encoding OMS on input line 568.
\macc@depth=\count92
\c@MaxMatrixCols=\count93
\dotsspace@=\muskip10
\c@parentequation=\count94
\dspbrk@lvl=\count95
\tag@help=\toks17
\row@=\count96
\column@=\count97
\maxfields@=\count98
\andhelp@=\toks18
\eqnshift@=\dimen110
\alignsep@=\dimen111
\tagshift@=\dimen112
\tagwidth@=\dimen113
\totwidth@=\dimen114
\lineht@=\dimen115
\@envbody=\toks19
\multlinegap=\skip44
\multlinetaggap=\skip45
\mathdisplay@stack=\toks20
LaTeX Info: Redefining \[ on input line 2666.
LaTeX Info: Redefining \] on input line 2667.
)
(/usr/share/texmf/tex/latex/tools/theorem.sty
Package: theorem 1995/11/23 v2.2c Theorem extension package (FMi)
\theorem@style=\toks21
\theorem@bodyfont=\toks22
\theorempreskipamount=\skip46
\theorempostskipamount=\skip47

(/usr/share/texmf/tex/latex/tools/thp.sty
File: thp.sty 1995/11/23 v2.2c Theorem extension package (FMi)
))
(/usr/share/texmf/tex/latex/rotating/rotating.sty
Package: rotating 2008/06/06 v2.15b rotated objects in LaTeX

(/usr/share/texmf/tex/latex/base/ifthen.sty
Package: ifthen 2001/05/26 v1.1c Standard LaTeX ifthen package (DPC)
)
\c@r@tfl@t=\count99
\rotFPtop=\skip48
\rotFPbot=\skip49
\rot@float@box=\box28
\rot@mess@toks=\toks23
)
(/usr/share/texmf/tex/latex/graphics/color.sty
Package: color 2005/11/14 v1.0j Standard LaTeX Color (DPC)

(/usr/lib/texmf/tex/latex/config/color.cfg
File: color.cfg 2007/01/18 v1.5 color configuration of teTeX/TeXLive
)
Package color Info: Driver file: dvips.def on input line 130.

(/usr/share/texmf/tex/latex/graphics/dvipsnam.def
File: dvipsnam.def 1999/02/16 v3.0i Driver-dependant file (DPC,SPQR)
))
(/usr/share/texmf/tex/latex/natbib/natbib.sty
Package: natbib 2007/10/30 8.1 (PWD)
\bibhang=\skip50
\bibsep=\skip51
LaTeX Info: Redefining \cite on input line 602.
\c@NAT@ctr=\count100
)
(/usr/share/texmf/tex/latex/psnfss/times.sty
Package: times 2005/04/12 PSNFSS-v9.2a (SPQR) 
)
(/usr/share/texmf/tex/latex/bbm/bbm.sty
Package: bbm 1999/03/15 V 1.2 provides fonts for set symbols - TH
LaTeX Font Info:    Overwriting math alphabet `\mathbbm' in version `bold'
(Font)                  U/bbm/m/n --> U/bbm/bx/n on input line 33.
LaTeX Font Info:    Overwriting math alphabet `\mathbbmss' in version `bold'
(Font)                  U/bbmss/m/n --> U/bbmss/bx/n on input line 35.
)
(/usr/share/texmf/tex/latex/fancyhdr/fancyhdr.sty
\fancy@headwidth=\skip52
\f@ncyO@elh=\skip53
\f@ncyO@erh=\skip54
\f@ncyO@olh=\skip55
\f@ncyO@orh=\skip56
\f@ncyO@elf=\skip57
\f@ncyO@erf=\skip58
\f@ncyO@olf=\skip59
\f@ncyO@orf=\skip60
)
(/usr/share/texmf/tex/latex/ltxmisc/ulem.sty
\UL@box=\box29
\UL@hyphenbox=\box30
\UL@skip=\skip61
\UL@hook=\toks24
\UL@pe=\count101
\UL@pixel=\dimen116
\ULC@box=\box31
Package: ulem 2000/05/26
\ULdepth=\dimen117
)
(/usr/share/texmf/tex/latex/ltxmisc/framed.sty
Package: framed 2007/10/04 v 0.95: framed or shaded text with page breaks
\fb@frw=\dimen118
\fb@frh=\dimen119
\FrameRule=\dimen120
\FrameSep=\dimen121
)
(/usr/share/texmf/tex/latex/subfigure/subfigure.sty
Package: subfigure 2002/03/15 v2.1.5 subfigure package
\subfigtopskip=\skip62
\subfigcapskip=\skip63
\subfigcaptopadj=\dimen122
\subfigbottomskip=\skip64
\subfigcapmargin=\dimen123
\subfiglabelskip=\skip65
\c@subfigure=\count102
\c@lofdepth=\count103
\c@subtable=\count104
\c@lotdepth=\count105

****************************************
* Local config file subfigure.cfg used *
****************************************
(/usr/share/texmf/tex/latex/subfigure/subfigure.cfg)
\subfig@top=\skip66
\subfig@bottom=\skip67
)
(/usr/share/texmf/tex/latex/ltxmisc/url.sty
\Urlmuskip=\muskip11
Package: url 2006/04/12  ver 3.3  Verb mode for urls, etc.
)
(/usr/share/texmf/tex/latex/hyperref/hyperref.sty
Package: hyperref 2008/08/14 v6.78f Hypertext links for LaTeX

(/usr/share/texmf/tex/generic/oberdiek/ifpdf.sty
Package: ifpdf 2007/12/12 v1.6 Provides the ifpdf switch (HO)
Package ifpdf Info: pdfTeX in pdf mode not detected.
)
(/usr/share/texmf/tex/generic/oberdiek/ifvtex.sty
Package: ifvtex 2007/09/09 v1.3 Switches for detecting VTeX and its modes (HO)
Package ifvtex Info: VTeX not detected.
)
(/usr/share/texmf/tex/generic/ifxetex/ifxetex.sty
Package: ifxetex 2006/08/21 v0.3 Provides ifxetex conditional
)
(/usr/share/texmf/tex/latex/oberdiek/hycolor.sty
Package: hycolor 2008/08/01 v1.3 Code for color options of hyperref/bookmark (H
O)

(/usr/share/texmf/tex/latex/oberdiek/xcolor-patch.sty
Package: xcolor-patch 2008/08/01 xcolor patch
))
\@linkdim=\dimen124
\Hy@linkcounter=\count106
\Hy@pagecounter=\count107

(/usr/share/texmf/tex/latex/hyperref/pd1enc.def
File: pd1enc.def 2008/08/14 v6.78f Hyperref: PDFDocEncoding definition (HO)
)
(/usr/share/texmf/tex/generic/oberdiek/etexcmds.sty
Package: etexcmds 2007/12/12 v1.2 Prefix for e-TeX command names (HO)

(/usr/share/texmf/tex/generic/oberdiek/infwarerr.sty
Package: infwarerr 2007/09/09 v1.2 Providing info/warning/message (HO)
)
Package etexcmds Info: Could not find \expanded.
(etexcmds)             That can mean that you are not using pdfTeX 1.50 or
(etexcmds)             that some package has redefined \expanded.
(etexcmds)             In the latter case, load this package earlier.
)
(/usr/lib/texmf/tex/latex/config/hyperref.cfg
File: hyperref.cfg 2002/06/06 v1.2 hyperref configuration of TeXLive
)
(/usr/share/texmf/tex/latex/oberdiek/kvoptions.sty
Package: kvoptions 2007/10/18 v3.0 Keyval support for LaTeX options (HO)
)
Package hyperref Info: Hyper figures OFF on input line 2876.
Package hyperref Info: Link nesting OFF on input line 2881.
Package hyperref Info: Hyper index ON on input line 2884.
Package hyperref Info: Plain pages OFF on input line 2891.
Package hyperref Info: Backreferencing OFF on input line 2896.

Implicit mode ON; LaTeX internals redefined
Package hyperref Info: Bookmarks ON on input line 3086.
LaTeX Info: Redefining \url on input line 3272.
(/usr/share/texmf/tex/generic/oberdiek/bitset.sty
Package: bitset 2007/09/28 v1.0 Data type bit set (HO)

(/usr/share/texmf/tex/generic/oberdiek/intcalc.sty
Package: intcalc 2007/09/27 v1.1 Expandable integer calculations (HO)
)
(/usr/share/texmf/tex/generic/oberdiek/bigintcalc.sty
Package: bigintcalc 2007/11/11 v1.1 Expandable big integer calculations (HO)

(/usr/share/texmf/tex/generic/oberdiek/pdftexcmds.sty
Package: pdftexcmds 2007/12/12 v0.3 LuaTeX support for pdfTeX utility functions
 (HO)
Package pdftexcmds Info: LuaTeX not detected on input line 139.
)))
(/usr/share/texmf/tex/generic/oberdiek/kvsetkeys.sty
Package: kvsetkeys 2007/09/29 v1.3 Key value parser with default handler suppor
t (HO)
)
\Fld@menulength=\count108
\Field@Width=\dimen125
\Fld@charsize=\dimen126
\Field@toks=\toks25
Package hyperref Info: Hyper figures OFF on input line 4189.
Package hyperref Info: Link nesting OFF on input line 4194.
Package hyperref Info: Hyper index ON on input line 4197.
Package hyperref Info: backreferencing OFF on input line 4204.
Package hyperref Info: Link coloring OFF on input line 4209.
Package hyperref Info: Link coloring with OCG OFF on input line 4214.
Package hyperref Info: PDF/A mode OFF on input line 4219.

(/usr/share/texmf/tex/generic/oberdiek/atbegshi.sty
Package: atbegshi 2008/07/31 v1.9 At begin shipout hook (HO)
)
\Hy@abspage=\count109
\c@Item=\count110
\c@Hfootnote=\count111
)
*hyperref using default driver hdvips*
(/usr/share/texmf/tex/latex/hyperref/hdvips.def
File: hdvips.def 2008/08/14 v6.78f Hyperref driver for dvips

(/usr/share/texmf/tex/latex/hyperref/pdfmark.def
File: pdfmark.def 2008/08/14 v6.78f Hyperref definitions for pdfmark specials
\pdf@docset=\toks26
\pdf@box=\box32
\pdf@toks=\toks27
\pdf@defaulttoks=\toks28
\Fld@listcount=\count112
))
\c@bild=\count113
\c@tabelle=\count114


Package hyperref Warning: Unexpected value `blue'
(hyperref)                of option `colorlinks' instead of
(hyperref)                `true' or 'false' on input line 56.


Package hyperref Warning: Option `pagecolor' is not available anymore.

(./report.aux)
\openout1 = `report.aux'.

LaTeX Font Info:    Checking defaults for OML/cmm/m/it on input line 89.
LaTeX Font Info:    ... okay on input line 89.
LaTeX Font Info:    Checking defaults for T1/cmr/m/n on input line 89.
LaTeX Font Info:    ... okay on input line 89.
LaTeX Font Info:    Checking defaults for OT1/cmr/m/n on input line 89.
LaTeX Font Info:    ... okay on input line 89.
LaTeX Font Info:    Checking defaults for OMS/cmsy/m/n on input line 89.
LaTeX Font Info:    ... okay on input line 89.
LaTeX Font Info:    Checking defaults for OMX/cmex/m/n on input line 89.
LaTeX Font Info:    ... okay on input line 89.
LaTeX Font Info:    Checking defaults for U/cmr/m/n on input line 89.
LaTeX Font Info:    ... okay on input line 89.
LaTeX Font Info:    Checking defaults for PD1/pdf/m/n on input line 89.
LaTeX Font Info:    ... okay on input line 89.
LaTeX Font Info:    Try loading font information for OT1+ptm on input line 89.
 (/usr/share/texmf/tex/latex/psnfss/ot1ptm.fd
File: ot1ptm.fd 2001/06/04 font definitions for OT1/ptm.
)
Package hyperref Info: Link coloring OFF on input line 89.

(/usr/share/texmf/tex/latex/hyperref/nameref.sty
Package: nameref 2007/05/29 v2.31 Cross-referencing by name of section

(/usr/share/texmf/tex/latex/oberdiek/refcount.sty
Package: refcount 2008/08/11 v3.1 Data extraction from references (HO)
)
\c@section@level=\count115
)
LaTeX Info: Redefining \ref on input line 89.
LaTeX Info: Redefining \pageref on input line 89.
 (./report.out)
(./report.out)
\@outlinefile=\write3
\openout3 = `report.out'.

\AtBeginShipoutBox=\box33
LaTeX Font Info:    Font shape `OT1/ptm/bx/n' in size <24.88> not available
(Font)              Font shape `OT1/ptm/b/n' tried instead on input line 99.
LaTeX Font Info:    Font shape `OT1/ptm/bx/n' in size <17.28> not available
(Font)              Font shape `OT1/ptm/b/n' tried instead on input line 102.
 (./report.toc
LaTeX Font Info:    Font shape `OT1/ptm/bx/n' in size <12> not available
(Font)              Font shape `OT1/ptm/b/n' tried instead on input line 1.
LaTeX Font Info:    Try loading font information for U+msa on input line 2.
 (/usr/share/texmf/tex/latex/amsfonts/umsa.fd
File: umsa.fd 2002/01/19 v2.2g AMS font definitions
)
LaTeX Font Info:    Try loading font information for U+msb on input line 2.

(/usr/share/texmf/tex/latex/amsfonts/umsb.fd
File: umsb.fd 2002/01/19 v2.2g AMS font definitions
)
Underfull \hbox (badness 10000) has occurred while \output is active

 []

[1

]
Overfull \hbox (52.80183pt too wide) in paragraph at lines 46--46
 [][] [] [][]  
 []


Underfull \hbox (badness 10000) has occurred while \output is active

 []

[2]
Overfull \hbox (85.61024pt too wide) in paragraph at lines 93--93
 [][] [] [][]  
 []


Overfull \hbox (15.88979pt too wide) in paragraph at lines 103--103
 [][] [] [][]  
 []


Overfull \hbox (122.40263pt too wide) in paragraph at lines 104--104
 [][] [] [][]  
 []


Overfull \hbox (64.13152pt too wide) in paragraph at lines 105--105
 [][] [] [][]  
 []


Overfull \hbox (40.62285pt too wide) in paragraph at lines 106--106
 [][] [] [][]  
 []

)
\tf@toc=\write4
\openout4 = `report.toc'.


Underfull \hbox (badness 10000) has occurred while \output is active

 []

[3] (./report.lot
Overfull \hbox (145.66922pt too wide) in paragraph at lines 8--8
 [][] [] [][]  
 []

)
\tf@lot=\write5
\openout5 = `report.lot'.


Underfull \hbox (badness 10000) has occurred while \output is active

 []

[4] (./report.lof
Overfull \hbox (61.38206pt too wide) in paragraph at lines 21--21
 [][] [] [][]  
 []


Overfull \hbox (86.34183pt too wide) in paragraph at lines 29--29
 [][] [] [][]  
 []


Overfull \hbox (102.3376pt too wide) in paragraph at lines 30--30
 [][] [] [][]  
 []


Overfull \hbox (310.66853pt too wide) in paragraph at lines 31--31
 [][] [] [][]  
 []


Overfull \hbox (294.67276pt too wide) in paragraph at lines 32--32
 [][] [] [][]  
 []


Overfull \hbox (310.66853pt too wide) in paragraph at lines 33--33
 [][] [] [][]  
 []


Overfull \hbox (294.67276pt too wide) in paragraph at lines 34--34
 [][] [] [][]  
 []


Overfull \hbox (131.70142pt too wide) in paragraph at lines 35--35
 [][] [] [][]  
 []


Overfull \hbox (115.70564pt too wide) in paragraph at lines 36--36
 [][] [] [][]  
 []


Overfull \hbox (131.70142pt too wide) in paragraph at lines 37--37
 [][] [] [][]  
 []


Overfull \hbox (115.70564pt too wide) in paragraph at lines 38--38
 [][] [] [][]  
 []


Overfull \hbox (1155.44359pt too wide) in paragraph at lines 41--41
 [][] [] [][]  
 []


Underfull \hbox (badness 10000) has occurred while \output is active

 []

[5]
Overfull \hbox (94.19066pt too wide) in paragraph at lines 50--50
 [][] [] [][]  
 []


Overfull \hbox (80.70172pt too wide) in paragraph at lines 51--51
 [][] [] [][]  
 []


Overfull \hbox (216.90076pt too wide) in paragraph at lines 56--56
 [][] [] [][]  
 []


Overfull \hbox (60.75812pt too wide) in paragraph at lines 59--59
 [][] [] [][]  
 []


Overfull \hbox (10.22672pt too wide) in paragraph at lines 66--66
 [][] [] [][]  
 []


Overfull \hbox (10.22672pt too wide) in paragraph at lines 67--67
 [][] [] [][]  
 []


Overfull \hbox (27.00269pt too wide) in paragraph at lines 68--68
 [][] [] [][]  
 []


Overfull \hbox (423.50385pt too wide) in paragraph at lines 83--83
 [][] [] [][]  
 []


Underfull \hbox (badness 10000) has occurred while \output is active

 []

[6]
Overfull \hbox (423.50385pt too wide) in paragraph at lines 87--87
 [][] [] [][]  
 []


Overfull \hbox (0.8502pt too wide) in paragraph at lines 88--88
 [][] [] [][]  
 []


Overfull \hbox (0.8502pt too wide) in paragraph at lines 89--89
 [][] [] [][]  
 []


Overfull \hbox (144.59547pt too wide) in paragraph at lines 90--90
 [][] [] [][]  
 []


Overfull \hbox (144.59547pt too wide) in paragraph at lines 91--91
 [][] [] [][]  
 []


Overfull \hbox (148.59189pt too wide) in paragraph at lines 92--92
 [][] [] [][]  
 []


Overfull \hbox (148.59189pt too wide) in paragraph at lines 93--93
 [][] [] [][]  
 []


Overfull \hbox (147.47522pt too wide) in paragraph at lines 94--94
 [][] [] [][]  
 []


Overfull \hbox (147.47522pt too wide) in paragraph at lines 95--95
 [][] [] [][]  
 []


Overfull \hbox (151.47163pt too wide) in paragraph at lines 96--96
 [][] [] [][]  
 []


Overfull \hbox (151.47163pt too wide) in paragraph at lines 97--97
 [][] [] [][]  
 []


Overfull \hbox (212.17216pt too wide) in paragraph at lines 98--98
 [][] [] [][]  
 []


Overfull \hbox (212.17216pt too wide) in paragraph at lines 99--99
 [][] [] [][]  
 []


Overfull \hbox (212.17216pt too wide) in paragraph at lines 100--100
 [][] [] [][]  
 []


Overfull \hbox (212.17216pt too wide) in paragraph at lines 101--101
 [][] [] [][]  
 []


Overfull \hbox (212.17216pt too wide) in paragraph at lines 102--102
 [][] [] [][]  
 []


Overfull \hbox (212.17216pt too wide) in paragraph at lines 103--103
 [][] [] [][]  
 []


Overfull \hbox (216.16858pt too wide) in paragraph at lines 104--104
 [][] [] [][]  
 []


Overfull \hbox (216.16858pt too wide) in paragraph at lines 105--105
 [][] [] [][]  
 []


Overfull \hbox (216.16858pt too wide) in paragraph at lines 106--106
 [][] [] [][]  
 []


Overfull \hbox (216.16858pt too wide) in paragraph at lines 107--107
 [][] [] [][]  
 []


Overfull \hbox (216.16858pt too wide) in paragraph at lines 108--108
 [][] [] [][]  
 []


Overfull \hbox (216.16858pt too wide) in paragraph at lines 109--109
 [][] [] [][]  
 []

)
\tf@lof=\write6
\openout6 = `report.lof'.


Underfull \hbox (badness 10000) has occurred while \output is active

 []

[7]
LaTeX Font Info:    Font shape `OT1/ptm/bx/n' in size <14.4> not available
(Font)              Font shape `OT1/ptm/b/n' tried instead on input line 116.

Underfull \hbox (badness 10000) in paragraph at lines 127--128

 []

File: underintegrationdispbcn4.eps Graphic file (type eps)
<underintegrationdispbcn4.eps>
File: underintegrationdispbcn8.eps Graphic file (type eps)
 <underintegrationdispbcn8.eps>
Underfull \hbox (badness 10000) has occurred while \output is active

 []

[8]
File: underintegrationdispbcn16.eps Graphic file (type eps)
 <underintegrationdispbcn16.eps>
File: underintegrationdispbcn32.eps Graphic file (type eps)
 <underintegrationdispbcn32.eps>
File: underintegrationdispbcn64.eps Graphic file (type eps)

<underintegrationdispbcn64.eps>
Underfull \hbox (badness 10000) has occurred while \output is active

 []

[9] (./linearInterpolation.pstex_t
File: linearInterpolation.pstex Graphic file (type eps)
 <linearInterpolation.pstex>)
Underfull \hbox (badness 10000) has occurred while \output is active

 []

[10] (./quadraticInterpolationf.pstex_t
File: quadraticInterpolationf.pstex Graphic file (type eps)
 <quadraticInterpolationf.pstex>)
File: quadraticResult.eps Graphic file (type eps)

<quadraticResult.eps>
Underfull \hbox (badness 10000) has occurred while \output is active

 []

[11] (./cubicInterpolation.pstex_t
File: cubicInterpolation.pstex Graphic file (type eps)
 <cubicInterpolation.pstex>)
Underfull \hbox (badness 10000) has occurred while \output is active

 []

[12]
Underfull \hbox (badness 10000) has occurred while \output is active

 []

[13]
File: regularSolutionDisp.eps Graphic file (type eps)
 <regularSolutionDisp.eps>
Underfull \hbox (badness 10000) has occurred while \output is active

 []

[14]
File: cutCellPenalty1.eps Graphic file (type eps)
 <cutCellPenalty1.eps>
File: cutCellPenalty5.eps Graphic file (type eps)
 <cutCellPenalty5.eps>
File: cutCellPenalty10.eps Graphic file (type eps)
 <cutCellPenalty10.eps>
File: cutCellPenalty100.eps Graphic file (type eps)

<cutCellPenalty100.eps>
File: cutCellPenalty1000.eps Graphic file (type eps)
 <cutCellPenalty1000.eps>
Underfull \hbox (badness 10000) has occurred while \output is active

 []

[15]
File: summarypenalty.eps Graphic file (type eps)
 <summarypenalty.eps>
File: effectMeshSizePen.eps Graphic file (type eps)
 <effectMeshSizePen.eps>
Underfull \hbox (badness 10000) has occurred while \output is active

 []

[16]
File: cutCellwithoutcontrDE.eps Graphic file (type eps)
 <cutCellwithoutcontrDE.eps>
File: cutCellwithoutcontrDE100.eps Graphic file (type eps)
 <cutCellwithoutcontrDE100.eps>
Underfull \hbox (badness 10000) has occurred while \output is active

 []

[17] (./domain.pstex_t
File: domain.pstex Graphic file (type eps)
 <domain.pstex>)
Overfull \hbox (15.7733pt too wide) in paragraph at lines 3--317
 [][] 
 []


Overfull \hbox (0.56976pt too wide) in alignment at lines 340--343
 [][][] []
 []


Underfull \hbox (badness 10000) has occurred while \output is active

 []

[18] (./ghostcentroid.pstex_t
File: ghostcentroid.pstex Graphic file (type eps)
 <ghostcentroid.pstex>)
Underfull \hbox (badness 10000) has occurred while \output is active

 []

[19]
File: finitevol1d.eps Graphic file (type eps)
 <finitevol1d.eps>
Overfull \hbox (34.75978pt too wide) in paragraph at lines 400--401
 [] 
 []


Underfull \hbox (badness 10000) has occurred while \output is active

 []

[20]
Underfull \hbox (badness 10000) has occurred while \output is active

 []

[21]
File: alpha01.eps Graphic file (type eps)
 <alpha01.eps>
File: alpha02.eps Graphic file (type eps)
 <alpha02.eps>
File: alpha03.eps Graphic file (type eps)
 <alpha03.eps>
File: alpha04.eps Graphic file (type eps)
 <alpha04.eps>
File: alpha05.eps Graphic file (type eps)
 <alpha05.eps>
File: alpha06.eps Graphic file (type eps)

<alpha06.eps>
File: alpha07.eps Graphic file (type eps)
 <alpha07.eps>
File: alpha08.eps Graphic file (type eps)
 <alpha08.eps>
Underfull \hbox (badness 10000) has occurred while \output is active

 []

[22]
File: conv5alpha005.eps Graphic file (type eps)
 <conv5alpha005.eps>
File: conv10alpha005.eps Graphic file (type eps)
 <conv10alpha005.eps>
File: conv20alpha005.eps Graphic file (type eps)
 <conv20alpha005.eps>
File: conv40alpha005.eps Graphic file (type eps)

<conv40alpha005.eps>
Underfull \hbox (badness 10000) has occurred while \output is active

 []

[23]
File: 40alpha02.eps Graphic file (type eps)
 <40alpha02.eps>
File: 40alpha05.eps Graphic file (type eps)
 <40alpha05.eps>
File: 40alpha08.eps Graphic file (type eps)
 <40alpha08.eps>
Underfull \hbox (badness 10000) has occurred while \output is active

 []

[24]
Underfull \hbox (badness 10000) has occurred while \output is active

 []

[25] (./derivativePC.pstex_t
File: derivativePC.pstex Graphic file (type eps)
 <derivativePC.pstex>)
Underfull \hbox (badness 10000) has occurred while \output is active

 []

[26]
Underfull \hbox (badness 10000) has occurred while \output is active

 []

[27]
File: PCalpha02.eps Graphic file (type eps)
 <PCalpha02.eps>
File: PCalpha05.eps Graphic file (type eps)
 <PCalpha05.eps>
File: PCapha08.eps Graphic file (type eps)
 <PCapha08.eps>
Underfull \hbox (badness 10000) has occurred while \output is active

 []

[28]
File: convPCalpha08NE16.eps Graphic file (type eps)
 <convPCalpha08NE16.eps>
File: convPCalpha08Ne32.eps Graphic file (type eps)
 <convPCalpha08Ne32.eps>
File: convPCalpha08NE8.eps Graphic file (type eps)
 <convPCalpha08NE8.eps>
Underfull \hbox (badness 10000) has occurred while \output is active

 []

[29]
Overfull \hbox (11.48248pt too wide) in paragraph at lines 543--543
[]\OT1/ptm/b/n/14.4 Consideration of the PDE to the last el-e-ment (Fi-nite El-
e-ment Method) 
 []


Underfull \hbox (badness 10000) has occurred while \output is active

 []

[30]
File: femwithpde.eps Graphic file (type eps)
 <femwithpde.eps>
LaTeX Font Info:    Try loading font information for OT1+pcr on input line 569.

 (/usr/share/texmf/tex/latex/psnfss/ot1pcr.fd
File: ot1pcr.fd 2001/06/04 font definitions for OT1/pcr.
)
Underfull \hbox (badness 10000) has occurred while \output is active

 []

[31]
Underfull \hbox (badness 10000) has occurred while \output is active

 []

[32]
Underfull \hbox (badness 10000) has occurred while \output is active

 []

[33]
Underfull \hbox (badness 10000) has occurred while \output is active

 []

[34]
Underfull \hbox (badness 10000) has occurred while \output is active

 []

[35] (./fvmVSfem.pstex_t
File: fvmVSfem.pstex Graphic file (type eps)
 <fvmVSfem.pstex>)
Underfull \hbox (badness 10000) has occurred while \output is active

 []

[36]
Underfull \hbox (badness 10000) has occurred while \output is active

 []

[37]
Underfull \hbox (badness 10000) has occurred while \output is active

 []

[38]
Underfull \hbox (badness 10000) has occurred while \output is active

 []

[39]
Underfull \hbox (badness 10000) has occurred while \output is active

 []

[40]
File: study_PP.eps Graphic file (type eps)
 <study_PP.eps>
Underfull \hbox (badness 10000) has occurred while \output is active

 []

[41]
Underfull \hbox (badness 10000) has occurred while \output is active

 []

[42]
File: study_PC.eps Graphic file (type eps)
 <study_PC.eps>
Underfull \hbox (badness 10000) has occurred while \output is active

 []

[43]
File: study_fullPDE.eps Graphic file (type eps)
 <study_fullPDE.eps>
Underfull \hbox (badness 10000) has occurred while \output is active

 []

[44]
File: study_partialPDE.eps Graphic file (type eps)
 <study_partialPDE.eps>
Underfull \hbox (badness 10000) has occurred while \output is active

 []

[45]
Underfull \hbox (badness 10000) has occurred while \output is active

 []

[46]
Underfull \hbox (badness 10000) in paragraph at lines 1147--1148

 []

File: study_tranair.eps Graphic file (type eps)
<study_tranair.eps>
Underfull \hbox (badness 10000) in paragraph at lines 1157--1159

 []


Underfull \hbox (badness 10000) has occurred while \output is active

 []

[47]
Underfull \hbox (badness 10000) has occurred while \output is active

 []

[48]
File: studyfemfulllinear.eps Graphic file (type eps)
 <studyfemfulllinear.eps>
Underfull \hbox (badness 10000) has occurred while \output is active

 []

[49]
Underfull \hbox (badness 10000) in paragraph at lines 1254--1255

 []


Underfull \hbox (badness 10000) has occurred while \output is active

 []

[50]
File: quadsolfv.eps Graphic file (type eps)
 <quadsolfv.eps>
Underfull \hbox (badness 10000) in paragraph at lines 1274--1275

 []

File: quadsollininter.eps Graphic file (type eps)
<quadsollininter.eps>
Underfull \hbox (badness 10000) has occurred while \output is active

 []

[51]
Underfull \hbox (badness 10000) in paragraph at lines 1295--1297

 []

File: quadsolquadinter.eps Graphic file (type eps)
<quadsolquadinter.eps>
Underfull \hbox (badness 10000) has occurred while \output is active

 []

[52]
Underfull \hbox (badness 10000) in paragraph at lines 1309--1311

 []


Underfull \hbox (badness 10000) has occurred while \output is active

 []

[53]
File: neumannquad.eps Graphic file (type eps)
 <neumannquad.eps>
Underfull \hbox (badness 10000) has occurred while \output is active

 []

[54]
File: neumannlinear.eps Graphic file (type eps)
 <neumannlinear.eps>
Underfull \hbox (badness 10000) has occurred while \output is active

 []

[55]
Underfull \hbox (badness 10000) has occurred while \output is active

 []

[56]
Underfull \hbox (badness 10000) has occurred while \output is active

 []

[57]
Underfull \hbox (badness 10000) has occurred while \output is active

 []

[58]
File: neumannquad2.eps Graphic file (type eps)
 <neumannquad2.eps>
Underfull \hbox (badness 10000) has occurred while \output is active

 []

[59]
File: neumannlin2.eps Graphic file (type eps)
 <neumannlin2.eps>
Underfull \hbox (badness 10000) has occurred while \output is active

 []

[60]
Underfull \hbox (badness 10000) has occurred while \output is active

 []

[61]
File: fluxquad.eps Graphic file (type eps)
 <fluxquad.eps>
File: fluxlin.eps Graphic file (type eps)
 <fluxlin.eps>
Underfull \hbox (badness 10000) has occurred while \output is active

 []

[62]
Underfull \hbox (badness 10000) has occurred while \output is active

 []

[63]
File: neumannQuadCenter.eps Graphic file (type eps)
 <neumannQuadCenter.eps>
File: neumannLinCenter.eps Graphic file (type eps)
 <neumannLinCenter.eps>
Underfull \hbox (badness 10000) has occurred while \output is active

 []

[64]
Underfull \hbox (badness 10000) has occurred while \output is active

 []

[65]
Underfull \hbox (badness 10000) has occurred while \output is active

 []

[66]
Underfull \hbox (badness 10000) has occurred while \output is active

 []

[67]
Underfull \hbox (badness 10000) has occurred while \output is active

 []

[68]
Underfull \hbox (badness 10000) has occurred while \output is active

 []

[69]
Underfull \hbox (badness 10000) has occurred while \output is active

 []

[70]
File: geometry.eps Graphic file (type eps)
 <geometry.eps>
Underfull \hbox (badness 10000) has occurred while \output is active

 []

[71]
Underfull \hbox (badness 10000) has occurred while \output is active

 []

[72]
File: elementtypes.eps Graphic file (type eps)
 <elementtypes.eps>
Underfull \hbox (badness 10000) has occurred while \output is active

 []

[73] (./partialelementcases.pstex_t
File: partialelementcases.pstex Graphic file (type eps)
 <partialelementcases.pstex>)
Underfull \hbox (badness 10000) has occurred while \output is active

 []

[74]
File: specialcase.eps Graphic file (type eps)
 <specialcase.eps>
Underfull \hbox (badness 10000) has occurred while \output is active

 []

[75]
File: onelement.eps Graphic file (type eps)
 <onelement.eps>
Underfull \hbox (badness 10000) has occurred while \output is active

 []

[76]
Underfull \hbox (badness 10000) has occurred while \output is active

 []

[77]
File: convergence.eps Graphic file (type eps)
 <convergence.eps>
Underfull \hbox (badness 10000) has occurred while \output is active

 []

[78]
File: convergence2.eps Graphic file (type eps)
 <convergence2.eps>
File: analyticalsolutioncircular128e.eps Graphic file (type eps)
 <analyticalsolutioncircular128e.eps>
Underfull \hbox (badness 10000) has occurred while \output is active

 []

[79]
File: femsolutioncircular128e.eps Graphic file (type eps)
 <femsolutioncircular128e.eps>
Underfull \hbox (badness 10000) has occurred while \output is active

 []

[80]
File: linear1d.eps Graphic file (type eps)
 <linear1d.eps>
Underfull \hbox (badness 10000) has occurred while \output is active

 []

[81]
Underfull \hbox (badness 10000) in paragraph at lines 1951--1953

 []


Underfull \hbox (badness 10000) has occurred while \output is active

 []

[82]
Underfull \hbox (badness 10000) in paragraph at lines 1976--1977

 []


Underfull \hbox (badness 10000) has occurred while \output is active

 []

[83]
Underfull \hbox (badness 10000) has occurred while \output is active

 []

[84]
Underfull \hbox (badness 10000) in paragraph at lines 2057--2060

 []

File: errcondition.eps Graphic file (type eps)
<errcondition.eps>
File: eiganalysis.eps Graphic file (type eps)
 <eiganalysis.eps>
Underfull \hbox (badness 10000) has occurred while \output is active

 []

[85]
Underfull \hbox (badness 10000) has occurred while \output is active

 []

[86]
File: Neumanninter.eps Graphic file (type eps)
 <Neumanninter.eps>
File: dirichletinter.eps Graphic file (type eps)
 <dirichletinter.eps>
Underfull \hbox (badness 10000) has occurred while \output is active

 []

[87]
Underfull \hbox (badness 10000) has occurred while \output is active

 []

[88]
File: H0errorcircular.eps Graphic file (type eps)
 <H0errorcircular.eps>
File: H0errorcircular2.eps Graphic file (type eps)
 <H0errorcircular2.eps>
Underfull \hbox (badness 10000) has occurred while \output is active

 []

[89]
File: circularH1.eps Graphic file (type eps)
 <circularH1.eps>
Underfull \hbox (badness 10000) has occurred while \output is active

 []

[90]
File: circularH1h.eps Graphic file (type eps)
 <circularH1h.eps>
File: circenergy.eps Graphic file (type eps)
 <circenergy.eps>
Underfull \hbox (badness 10000) has occurred while \output is active

 []

[91]
File: circenergyh.eps Graphic file (type eps)
 <circenergyh.eps>
Underfull \hbox (badness 10000) has occurred while \output is active

 []

[92]
File: nodeslementscurvecircular.eps Graphic file (type eps)
 <nodeslementscurvecircular.eps>
LaTeX Font Info:    Try loading font information for OMS+ptm on input line 2160
.

(/usr/share/texmf/tex/latex/psnfss/omsptm.fd
File: omsptm.fd 
)
LaTeX Font Info:    Font shape `OMS/ptm/m/n' in size <12> not available
(Font)              Font shape `OMS/cmsy/m/n' tried instead on input line 2160.


Underfull \hbox (badness 10000) has occurred while \output is active

 []

[93]
File: errorRectangularRegion.eps Graphic file (type eps)
 <errorRectangularRegion.eps>
Underfull \hbox (badness 10000) has occurred while \output is active

 []

[94]
Underfull \hbox (badness 10000) has occurred while \output is active

 []

[95]
File: rectangular.eps Graphic file (type eps)
 <rectangular.eps>
Underfull \hbox (badness 10000) has occurred while \output is active

 []

[96] (./onedirectional.pstex_t
File: onedirectional.pstex Graphic file (type eps)
 <onedirectional.pstex>)
Underfull \hbox (badness 10000) in paragraph at lines 2241--2242

 []

File: H0.eps Graphic file (type eps)
<H0.eps>
Underfull \hbox (badness 10000) has occurred while \output is active

 []

[97]
File: H1.eps Graphic file (type eps)
 <H1.eps>
Underfull \hbox (badness 10000) has occurred while \output is active

 []

[98]
File: energy.eps Graphic file (type eps)
 <energy.eps>
Underfull \hbox (badness 10000) has occurred while \output is active

 []

[99]
File: bidirecH0.eps Graphic file (type eps)
 <bidirecH0.eps>
File: bidirecH1.eps Graphic file (type eps)
 <bidirecH1.eps>
File: bidirecEn.eps Graphic file (type eps)
 <bidirecEn.eps>
Underfull \hbox (badness 10000) has occurred while \output is active

 []

[100]
Underfull \hbox (badness 10000) in paragraph at lines 2301--2304

 []


Underfull \hbox (badness 10000) has occurred while \output is active

 []

[101]
File: initial.eps Graphic file (type eps)
 <initial.eps>
File: level2.eps Graphic file (type eps)
 <level2.eps>
File: level3.eps Graphic file (type eps)
 <level3.eps>
File: level4.eps Graphic file (type eps)
 <level4.eps>
Underfull \hbox (badness 10000) has occurred while \output is active

 []

[102]
Underfull \hbox (badness 10000) in paragraph at lines 2325--2326

 []

File: level4.eps Graphic file (type eps)
<level4.eps>
File: level4avg.eps Graphic file (type eps)
 <level4avg.eps>
Underfull \hbox (badness 10000) in paragraph at lines 2333--2334

 []


Underfull \hbox (badness 10000) has occurred while \output is active

 []

[103]
File: comparstrucunstrH0.eps Graphic file (type eps)
 <comparstrucunstrH0.eps>
File: comparstrucunstrH1.eps Graphic file (type eps)
 <comparstrucunstrH1.eps>
Underfull \hbox (badness 10000) has occurred while \output is active

 []

[104]
File: comparstrucunstrenergy.eps Graphic file (type eps)
 <comparstrucunstrenergy.eps>
Underfull \hbox (badness 10000) has occurred while \output is active

 []

[105]
File: comparH0impr.eps Graphic file (type eps)
 <comparH0impr.eps>
File: comparH1impr.eps Graphic file (type eps)
 <comparH1impr.eps>
Underfull \hbox (badness 10000) has occurred while \output is active

 []

[106]
File: comparEnerimp.eps Graphic file (type eps)
 <comparEnerimp.eps>
Underfull \hbox (badness 10000) has occurred while \output is active

 []

[107]
File: geomtorus.eps Graphic file (type eps)
 <geomtorus.eps>
Underfull \hbox (badness 10000) in paragraph at lines 2391--2393

 []


Underfull \hbox (badness 10000) has occurred while \output is active

 []

[108]
Underfull \hbox (badness 10000) has occurred while \output is active

 []

[109]
File: tordirsol_6.eps Graphic file (type eps)
 <tordirsol_6.eps>
File: tordirsol_5.eps Graphic file (type eps)
 <tordirsol_5.eps>
File: tordirsol_4.eps Graphic file (type eps)
 <tordirsol_4.eps>
File: tordirsol_3.eps Graphic file (type eps)
 <tordirsol_3.eps>
File: tordirsol_2.eps Graphic file (type eps)

<tordirsol_2.eps>
File: tordirsol_1.eps Graphic file (type eps)
 <tordirsol_1.eps>
Underfull \hbox (badness 10000) has occurred while \output is active

 []

[110]

Package hyperref Warning: Token not allowed in a PDF string (PDFDocEncoding),
(hyperref)                removing `math shift' on input line 2448.


Package hyperref Warning: Token not allowed in a PDF string (PDFDocEncoding),
(hyperref)                removing `subscript' on input line 2448.


Package hyperref Warning: Token not allowed in a PDF string (PDFDocEncoding),
(hyperref)                removing `math shift' on input line 2448.

File: h0errtorus.eps Graphic file (type eps)
<h0errtorus.eps>
Underfull \hbox (badness 10000) has occurred while \output is active

 []

[111]

Package hyperref Warning: Token not allowed in a PDF string (PDFDocEncoding),
(hyperref)                removing `math shift' on input line 2456.


Package hyperref Warning: Token not allowed in a PDF string (PDFDocEncoding),
(hyperref)                removing `subscript' on input line 2456.


Package hyperref Warning: Token not allowed in a PDF string (PDFDocEncoding),
(hyperref)                removing `math shift' on input line 2456.

File: h1errtorus.eps Graphic file (type eps)
<h1errtorus.eps>
Underfull \hbox (badness 10000) has occurred while \output is active

 []

[112]
File: enererrtorus.eps Graphic file (type eps)
 <enererrtorus.eps>
Underfull \hbox (badness 10000) has occurred while \output is active

 []

[113]

Package hyperref Warning: Difference (2) between bookmark levels is greater 
(hyperref)                than one, level fixed on input line 2508.


Underfull \hbox (badness 10000) has occurred while \output is active

 []

[114]
File: contournum1.eps Graphic file (type eps)
 <contournum1.eps>
File: contourexact1.eps Graphic file (type eps)
 <contourexact1.eps>
File: contournum2.eps Graphic file (type eps)
 <contournum2.eps>
File: contourexact2.eps Graphic file (type eps)

<contourexact2.eps>
File: contournum3.eps Graphic file (type eps)
 <contournum3.eps>
File: contourexact3.eps Graphic file (type eps)
 <contourexact3.eps>
Underfull \hbox (badness 10000) has occurred while \output is active

 []

[115]
File: contournum4.eps Graphic file (type eps)
 <contournum4.eps>
File: contourexact4.eps Graphic file (type eps)
 <contourexact4.eps>
File: torusstrangesol.eps Graphic file (type eps)
 <torusstrangesol.eps>
Underfull \hbox (badness 10000) has occurred while \output is active

 []

[116]
File: torusstrange2.eps Graphic file (type eps)
 <torusstrange2.eps>
File: torusdivergence.eps Graphic file (type eps)
 <torusdivergence.eps>
Underfull \hbox (badness 10000) has occurred while \output is active

 []

[117] (./suspection.pstex_t
File: suspection.pstex Graphic file (type eps)
 <suspection.pstex>)
Underfull \hbox (badness 10000) has occurred while \output is active

 []

[118]
Underfull \hbox (badness 10000) has occurred while \output is active

 []

[119]
Underfull \hbox (badness 10000) has occurred while \output is active

 []

[120]
Underfull \hbox (badness 10000) has occurred while \output is active

 []

[121]
File: correctcontournum1.eps Graphic file (type eps)
 <correctcontournum1.eps>
File: correctcontourexact1.eps Graphic file (type eps)
 <correctcontourexact1.eps>
File: correctcontournum2.eps Graphic file (type eps)

<correctcontournum2.eps>
File: correctcontourexact2.eps Graphic file (type eps)
 <correctcontourexact2.eps>
File: correctcontournum3.eps Graphic file (type eps)
 <correctcontournum3.eps>
File: correctcontourexact3.eps Graphic file (type eps)

<correctcontourexact3.eps>
File: correctcontournum4.eps Graphic file (type eps)
 <correctcontournum4.eps>
File: correctcontourexact4.eps Graphic file (type eps)
 <correctcontourexact4.eps>
Underfull \hbox (badness 10000) has occurred while \output is active

 []

[122]
File: convergenceH0torus.eps Graphic file (type eps)
 <convergenceH0torus.eps>
File: convergenceH1torus.eps Graphic file (type eps)
 <convergenceH1torus.eps>
Underfull \hbox (badness 10000) has occurred while \output is active

 []

[123]
File: fvdirichlet1dH0.eps Graphic file (type eps)
 <fvdirichlet1dH0.eps>
Underfull \hbox (badness 10000) has occurred while \output is active

 []

[124]
File: fvdirichlet1dH1.eps Graphic file (type eps)
 <fvdirichlet1dH1.eps>
Underfull \hbox (badness 10000) has occurred while \output is active

 []

[125]
File: fvneumann1dH0.eps Graphic file (type eps)
 <fvneumann1dH0.eps>
Underfull \hbox (badness 10000) has occurred while \output is active

 []

[126]
File: fvneumann1dH1.eps Graphic file (type eps)
 <fvneumann1dH1.eps>
Underfull \hbox (badness 10000) has occurred while \output is active

 []

[127]
Underfull \hbox (badness 10000) has occurred while \output is active

 []

[128]
File: femdirichlet1dH0.eps Graphic file (type eps)
 <femdirichlet1dH0.eps>
File: femdirichlet1dH1.eps Graphic file (type eps)
 <femdirichlet1dH1.eps>
Underfull \hbox (badness 10000) has occurred while \output is active

 []

[129]
File: femneumann1dH0.eps Graphic file (type eps)
 <femneumann1dH0.eps>
Underfull \hbox (badness 10000) has occurred while \output is active

 []

[130]
File: femneumann1dH1.eps Graphic file (type eps)
 <femneumann1dH1.eps>
Underfull \hbox (badness 10000) has occurred while \output is active

 []

[131]
Underfull \hbox (badness 10000) has occurred while \output is active

 []

[132]
Overfull \hbox (9.23083pt too wide) in paragraph at lines 2768--2768
[]\OT1/ptm/b/n/12 Length of Par-tial Phys-i-cal Do-main and Con-ver-gence Or-de
r (1d, Dirich-let Bound-
 []

File: dirichlet1dalpha03.eps Graphic file (type eps)
<dirichlet1dalpha03.eps>
Underfull \hbox (badness 10000) has occurred while \output is active

 []

[133]
File: dirichlet1dalpha03_H1.eps Graphic file (type eps)
 <dirichlet1dalpha03_H1.eps>
Underfull \hbox (badness 10000) has occurred while \output is active

 []

[134]
File: dirichlet1dalpha05.eps Graphic file (type eps)
 <dirichlet1dalpha05.eps>
Underfull \hbox (badness 10000) has occurred while \output is active

 []

[135]
File: dirichlet1dalpha05_H1.eps Graphic file (type eps)
 <dirichlet1dalpha05_H1.eps>
Underfull \hbox (badness 10000) has occurred while \output is active

 []

[136]
File: dirichlet1dalpha08.eps Graphic file (type eps)
 <dirichlet1dalpha08.eps>
Underfull \hbox (badness 10000) has occurred while \output is active

 []

[137]
File: dirichlet1dalpha08_H1.eps Graphic file (type eps)
 <dirichlet1dalpha08_H1.eps>
Underfull \hbox (badness 10000) has occurred while \output is active

 []

[138]
File: neumann1dalpha03.eps Graphic file (type eps)
 <neumann1dalpha03.eps>
Underfull \hbox (badness 10000) has occurred while \output is active

 []

[139]
File: neumann1dalpha03_H1.eps Graphic file (type eps)
 <neumann1dalpha03_H1.eps>
Underfull \hbox (badness 10000) has occurred while \output is active

 []

[140]
File: neumann1dalpha05.eps Graphic file (type eps)
 <neumann1dalpha05.eps>
Underfull \hbox (badness 10000) has occurred while \output is active

 []

[141]
File: neumann1dalpha05_H1.eps Graphic file (type eps)
 <neumann1dalpha05_H1.eps>
Underfull \hbox (badness 10000) has occurred while \output is active

 []

[142]
File: neumann1dalpha08.eps Graphic file (type eps)
 <neumann1dalpha08.eps>
Underfull \hbox (badness 10000) has occurred while \output is active

 []

[143]
File: neumann1dalpha08_H1.eps Graphic file (type eps)
 <neumann1dalpha08_H1.eps>
Underfull \hbox (badness 10000) has occurred while \output is active

 []

[144]
Underfull \hbox (badness 10000) has occurred while \output is active

 []

[145]
Underfull \hbox (badness 10000) has occurred while \output is active

 []

[146]
Underfull \hbox (badness 10000) has occurred while \output is active

 []

[147] (./report.aux) ) 
Here is how much of TeX's memory you used:
 6317 strings out of 493887
 88299 string characters out of 1157384
 182606 words of memory out of 3500000
 9272 multiletter control sequences out of 10000+50000
 20254 words of font info for 65 fonts, out of 3000000 for 5000
 714 hyphenation exceptions out of 8191
 36i,15n,43p,1865b,412s stack positions out of 5000i,500n,10000p,200000b,50000s

Output written on report.dvi (147 pages, 547380 bytes).
