\BOOKMARK [1][-]{section.1}{One-dimensional Approach}{}
\BOOKMARK [2][-]{subsection.1.1}{Rectangular Finite Element Method and Cut Cell Approach- until 3/4/2009}{section.1}
\BOOKMARK [2][-]{subsection.1.2}{First Attempt: Underintegration}{section.1}
\BOOKMARK [2][-]{subsection.1.3}{Second Attempt: Naive Approach}{section.1}
\BOOKMARK [3][-]{subsubsection.1.3.1}{Linear Interpolation}{subsection.1.3}
\BOOKMARK [3][-]{subsubsection.1.3.2}{Quadratic Interpolation}{subsection.1.3}
\BOOKMARK [3][-]{subsubsection.1.3.3}{Cubic Interpolation}{subsection.1.3}
\BOOKMARK [2][-]{subsection.1.4}{Third Attempt: Tranair Approach}{section.1}
\BOOKMARK [3][-]{subsubsection.1.4.1}{With consideration of the DE contribution to the entire element}{subsection.1.4}
\BOOKMARK [3][-]{subsubsection.1.4.2}{Without consideration of the DE contribution to the element}{subsection.1.4}
\BOOKMARK [2][-]{subsection.1.5}{Finite Volume Method \(Prof. Papadopoulos Approach\)}{section.1}
\BOOKMARK [3][-]{subsubsection.1.5.1}{One dimensional finite volume method}{subsection.1.5}
\BOOKMARK [3][-]{subsubsection.1.5.2}{Results}{subsection.1.5}
\BOOKMARK [3][-]{subsubsection.1.5.3}{Cut Cell}{subsection.1.5}
\BOOKMARK [2][-]{subsection.1.6}{First Attempt: Finite Volume Method \(Prof. Colella Approach\)}{section.1}
\BOOKMARK [3][-]{subsubsection.1.6.1}{Theory}{subsection.1.6}
\BOOKMARK [3][-]{subsubsection.1.6.2}{Results}{subsection.1.6}
\BOOKMARK [2][-]{subsection.1.7}{Second Attempt: Finite Volume Method \(Prof. Colella Approach\)}{section.1}
\BOOKMARK [3][-]{subsubsection.1.7.1}{Theory}{subsection.1.7}
\BOOKMARK [3][-]{subsubsection.1.7.2}{Results}{subsection.1.7}
\BOOKMARK [2][-]{subsection.1.8}{Consideration of the PDE to the last element \(Finite Element Method\)}{section.1}
\BOOKMARK [3][-]{subsubsection.1.8.1}{Results}{subsection.1.8}
\BOOKMARK [1][-]{section.2}{Comparison Of All Of The Methods}{}
\BOOKMARK [2][-]{subsection.2.1}{PP Finite Volume}{section.2}
\BOOKMARK [2][-]{subsection.2.2}{PC Finite Volume}{section.2}
\BOOKMARK [2][-]{subsection.2.3}{Finite Element 2 Elements Coupling}{section.2}
\BOOKMARK [2][-]{subsection.2.4}{Finite Element 3 Elements Coupling}{section.2}
\BOOKMARK [2][-]{subsection.2.5}{Finite Element Tranair Approach With Consideration of the DE Contribution}{section.2}
\BOOKMARK [3][-]{subsubsection.2.5.1}{Penalty Method}{subsection.2.5}
\BOOKMARK [3][-]{subsubsection.2.5.2}{Lagrange Multiplier}{subsection.2.5}
\BOOKMARK [2][-]{subsection.2.6}{Remarks}{section.2}
\BOOKMARK [1][-]{section.3}{Comparisons: New Attempt}{}
\BOOKMARK [2][-]{subsection.3.1}{PP Finite Volume}{section.3}
\BOOKMARK [2][-]{subsection.3.2}{Scaled PP Finite Volume}{section.3}
\BOOKMARK [2][-]{subsection.3.3}{PC Finite Volume}{section.3}
\BOOKMARK [2][-]{subsection.3.4}{Scaled PC Finite Volume}{section.3}
\BOOKMARK [2][-]{subsection.3.5}{Finite Element 2 Elements Coupling With PDE contribution}{section.3}
\BOOKMARK [2][-]{subsection.3.6}{Finite Element Tranair Approach}{section.3}
\BOOKMARK [1][-]{section.4}{Comparison Study}{}
\BOOKMARK [2][-]{subsection.4.1}{PP Finite Volume}{section.4}
\BOOKMARK [2][-]{subsection.4.2}{PC Finite Volume}{section.4}
\BOOKMARK [2][-]{subsection.4.3}{Finite Element 2 Elements Coupling With Full PDE contribution}{section.4}
\BOOKMARK [2][-]{subsection.4.4}{Finite Element 2 Elements Coupling With Scaled PDE contribution}{section.4}
\BOOKMARK [2][-]{subsection.4.5}{Finite Element Tranair Approach}{section.4}
\BOOKMARK [2][-]{subsection.4.6}{Comments}{section.4}
\BOOKMARK [2][-]{subsection.4.7}{Finite Element 2 Elements Coupling With Full PDE contribution Linear BC Interpolation}{section.4}
\BOOKMARK [1][-]{section.5}{New Problem : Quadratic Solution}{}
\BOOKMARK [1][-]{section.6}{Neumann Boundary Conditions}{}
\BOOKMARK [2][-]{subsection.6.1}{Derivative of Quadratic Interpolation: Bug in analytical solution}{section.6}
\BOOKMARK [2][-]{subsection.6.2}{Derivative of Linear Interpolation: Bug in analytical solution}{section.6}
\BOOKMARK [2][-]{subsection.6.3}{Corrected: Derivative of Linear Interpolation and Quadratic Interpolation}{section.6}
\BOOKMARK [3][-]{subsubsection.6.3.1}{Derivative of Linear Interpolation}{subsection.6.3}
\BOOKMARK [3][-]{subsubsection.6.3.2}{Derivative of Quadratic Interpolation}{subsection.6.3}
\BOOKMARK [3][-]{subsubsection.6.3.3}{Interpretations}{subsection.6.3}
\BOOKMARK [2][-]{subsection.6.4}{Finite Element Flux Solution}{section.6}
\BOOKMARK [1][-]{section.7}{Two-Dimensional Approach}{}
\BOOKMARK [2][-]{subsection.7.1}{Canonical Problem: Circular Physical Domain}{section.7}
\BOOKMARK [2][-]{subsection.7.2}{Analytical Solution}{section.7}
\BOOKMARK [2][-]{subsection.7.3}{Weak Form}{section.7}
\BOOKMARK [2][-]{subsection.7.4}{Discretization}{section.7}
\BOOKMARK [2][-]{subsection.7.5}{Geometry}{section.7}
\BOOKMARK [2][-]{subsection.7.6}{Solution Method}{section.7}
\BOOKMARK [2][-]{subsection.7.7}{Convergence Study: First Attempt}{section.7}
\BOOKMARK [2][-]{subsection.7.8}{Comparison to the One-Dimensional Algorithm}{section.7}
\BOOKMARK [3][-]{subsubsection.7.8.1}{Eigenvalue-Analysis for the Quadratic Interpolation Case}{subsection.7.8}
\BOOKMARK [3][-]{subsubsection.7.8.2}{Different Error Norms and Independent Variables}{subsection.7.8}
\BOOKMARK [2][-]{subsection.7.9}{Different Geometry: Rectangular Domain}{section.7}
\BOOKMARK [3][-]{subsubsection.7.9.1}{Analytical Solution: Wrong One}{subsection.7.9}
\BOOKMARK [3][-]{subsubsection.7.9.2}{Convergence Analysis}{subsection.7.9}
\BOOKMARK [3][-]{subsubsection.7.9.3}{Analytical Solution: Corrected}{subsection.7.9}
\BOOKMARK [1][-]{section.8}{Circular Domain: Convergence Study the 2nd}{}
\BOOKMARK [2][-]{subsection.8.1}{New Independent Variable: Element Width}{section.8}
\BOOKMARK [2][-]{subsection.8.2}{Bidirectional Interpolation vs. Simple Interpolation}{section.8}
\BOOKMARK [1][-]{section.9}{Structured vs. Unstructured Meshing}{}
\BOOKMARK [2][-]{subsection.9.1}{Unstructured Mesh}{section.9}
\BOOKMARK [2][-]{subsection.9.2}{Improving Mesh Quality: Neighbor Averaging}{section.9}
\BOOKMARK [2][-]{subsection.9.3}{Improving Mesh Quality: Poisson Smoothing}{section.9}
\BOOKMARK [2][-]{subsection.9.4}{Comparison of Convergence Rates: Original Mesh}{section.9}
\BOOKMARK [2][-]{subsection.9.5}{Comparison of Convergence Rates: Neighbor Averaged Mesh}{section.9}
\BOOKMARK [1][-]{section.10}{Torus: Homogeneous Dirichlet Boundary Conditions}{}
\BOOKMARK [2][-]{subsection.10.1}{Analytical Solution}{section.10}
\BOOKMARK [2][-]{subsection.10.2}{Any Modifications to the Algorithm Necessary?}{section.10}
\BOOKMARK [2][-]{subsection.10.3}{Results}{section.10}
\BOOKMARK [3][-]{subsubsection.10.3.1}{Convergence in H0-norm}{subsection.10.3}
\BOOKMARK [3][-]{subsubsection.10.3.2}{Convergence in H1-norm}{subsection.10.3}
\BOOKMARK [3][-]{subsubsection.10.3.3}{Convergence in Energy-Norm}{subsection.10.3}
\BOOKMARK [1][-]{section.11}{Torus: Homogeneous Neumann Boundary Conditions}{}
\BOOKMARK [2][-]{subsubsection.11.0.4}{Analytical Solution}{section.11}
\BOOKMARK [2][-]{subsection.11.1}{Debugging}{section.11}
\BOOKMARK [3][-]{subsubsection.11.1.1}{Suspection}{subsection.11.1}
\BOOKMARK [3][-]{subsubsection.11.1.2}{Zero Neumann Boundary Conditions}{subsection.11.1}
\BOOKMARK [3][-]{subsubsection.11.1.3}{Flipping the Neumann and the Dirichlet Boundary Sides}{subsection.11.1}
\BOOKMARK [3][-]{subsubsection.11.1.4}{Circle: Homogeneous Neumann Boundary Conditions and Dirichlet at One Single Point}{subsection.11.1}
\BOOKMARK [3][-]{subsubsection.11.1.5}{Dirichlet-Dirichlet-Problem as Input}{subsection.11.1}
\BOOKMARK [2][-]{subsection.11.2}{Working Version}{section.11}
\BOOKMARK [3][-]{subsubsection.11.2.1}{Changes to the Algorithm}{subsection.11.2}
\BOOKMARK [3][-]{subsubsection.11.2.2}{Results}{subsection.11.2}
\BOOKMARK [3][-]{subsubsection.11.2.3}{Convergence Behavior}{subsection.11.2}
\BOOKMARK [3][-]{subsubsection.11.2.4}{Dirichlet-Dirichlet-Problem with Finite Volumes and Partial Cells 1d}{subsection.11.2}
\BOOKMARK [3][-]{subsubsection.11.2.5}{Dirichlet-Neuman-Problem with Finite Volumes and Partial Cells 1d}{subsection.11.2}
\BOOKMARK [3][-]{subsubsection.11.2.6}{Dirichlet-Dirichlet-Problem with Finite Elements and Partial Cells 1d}{subsection.11.2}
\BOOKMARK [3][-]{subsubsection.11.2.7}{Dirichlet-Neumann-Problem with Finite Elements and Partial Cells 1d}{subsection.11.2}
\BOOKMARK [3][-]{subsubsection.11.2.8}{Dirichlet-Neumann-Problem with Finite Elements without partial cells 2d}{subsection.11.2}
\BOOKMARK [3][-]{subsubsection.11.2.9}{Length of Partial Physical Domain and Convergence Order \(1d, Dirichlet Boundary Conditions\)}{subsection.11.2}
\BOOKMARK [3][-]{subsubsection.11.2.10}{Length of Partial Cell and Convergence Order \(1d, Neumann Boundary Conditions\)}{subsection.11.2}
\BOOKMARK [3][-]{subsubsection.11.2.11}{Least Squares: Different Method for Imposing Neumann Boundary Conditions}{subsection.11.2}
\BOOKMARK [1][-]{section.12}{Complex Shaped Physical Domain}{}
